<?xml version="1.0" encoding="UTF-8"?>
<!-- Generated by org.testng.reporters.JUnitXMLReporter -->
<testsuite hostname="LAPTOP-CE4M580C" ignored="0" name="Second" tests="2" failures="0" timestamp="2022-04-18T22:50:25 IST" time="2.879" errors="0">
  <testcase name="@AfterMethod screenShot1" time="0.318" classname="test.HomePAgeTest">
    <failure type="java.lang.NullPointerException">
      <![CDATA[java.lang.NullPointerException
at test.HomePAgeTest.screenShot1(HomePAgeTest.java:62)
at java.util.ArrayList.forEach(ArrayList.java:1257)
... Removed 32 stack frames]]>
    </failure>
  </testcase> <!-- @AfterMethod screenShot1 -->
  <testcase name="@AfterMethod x_close" time="-1.6503024254E9" classname="test.HomePAgeTest">
    <skipped/>
  </testcase> <!-- @AfterMethod x_close -->
  <testcase name="@BeforeMethod openBrowser" time="-1.650302425403E9" classname="test.HomePAgeTest">
    <skipped/>
  </testcase> <!-- @BeforeMethod openBrowser -->
  <testcase name="@AfterMethod screenShot1" time="-1.650302425408E9" classname="test.HomePAgeTest">
    <skipped/>
  </testcase> <!-- @AfterMethod screenShot1 -->
  <testcase name="@AfterMethod x_close" time="-1.650302425409E9" classname="test.HomePAgeTest">
    <skipped/>
  </testcase> <!-- @AfterMethod x_close -->
  <testcase name="login" time="0.468" classname="test.HomePAgeTest"/>
  <testcase name="verifyLogo" time="0.0" classname="test.HomePAgeTest">
    <skipped/>
  </testcase> <!-- verifyLogo -->
</testsuite> <!-- Second -->
